app/build/outputs/mapping/debug/seeds.txt
io.github.yylyingy.yiji.R$anim: int abc_fade_in
io.github.yylyingy.yiji.R$anim: int abc_fade_out
io.github.yylyingy.yiji.R$anim: int abc_grow_fade_in_from_bottom
io.github.yylyingy.yiji.R$anim: int abc_popup_enter
io.github.yylyingy.yiji.R$anim: int abc_popup_exit
io.github.yylyingy.yiji.R$anim: int abc_shrink_fade_out_from_bottom
io.github.yylyingy.yiji.R$anim: int abc_slide_in_bottom
io.github.yylyingy.yiji.R$anim: int abc_slide_in_top
io.github.yylyingy.yiji.R$anim: int abc_slide_out_bottom
io.github.yylyingy.yiji.R$anim: int abc_slide_out_top
io.github.yylyingy.yiji.R$anim: int decelerate_cubic
io.github.yylyingy.yiji.R$anim: int design_bottom_sheet_slide_in
io.github.yylyingy.yiji.R$anim: int design_bottom_sheet_slide_out
io.github.yylyingy.yiji.R$anim: int design_fab_in
io.github.yylyingy.yiji.R$anim: int design_fab_out
io.github.yylyingy.yiji.R$anim: int design_snackbar_in
io.github.yylyingy.yiji.R$anim: int design_snackbar_out
io.github.yylyingy.yiji.R$anim: int popup_enter
io.github.yylyingy.yiji.R$anim: int popup_exit
io.github.yylyingy.yiji.R$anim: int sb__bottom_in
io.github.yylyingy.yiji.R$anim: int sb__bottom_out
io.github.yylyingy.yiji.R$anim: int sb__top_in
io.github.yylyingy.yiji.R$anim: int sb__top_out
io.github.yylyingy.yiji.R$animator: int design_appbar_state_list_animator
io.github.yylyingy.yiji.R$attr: int PagerIndicatorStyle
io.github.yylyingy.yiji.R$attr: int SliderStyle
io.github.yylyingy.yiji.R$attr: int SwipeBackLayoutStyle
io.github.yylyingy.yiji.R$attr: int actionBarDivider
io.github.yylyingy.yiji.R$attr: int actionBarItemBackground
io.github.yylyingy.yiji.R$attr: int actionBarPopupTheme
io.github.yylyingy.yiji.R$attr: int actionBarSize
io.github.yylyingy.yiji.R$attr: int actionBarSplitStyle
io.github.yylyingy.yiji.R$attr: int actionBarStyle
io.github.yylyingy.yiji.R$attr: int actionBarTabBarStyle
io.github.yylyingy.yiji.R$attr: int actionBarTabStyle
io.github.yylyingy.yiji.R$attr: int actionBarTabTextStyle
io.github.yylyingy.yiji.R$attr: int actionBarTheme
io.github.yylyingy.yiji.R$attr: int actionBarWidgetTheme
io.github.yylyingy.yiji.R$attr: int actionButtonStyle
io.github.yylyingy.yiji.R$attr: int actionDropDownStyle
io.github.yylyingy.yiji.R$attr: int actionLayout
io.github.yylyingy.yiji.R$attr: int actionMenuTextAppearance
io.github.yylyingy.yiji.R$attr: int actionMenuTextColor
io.github.yylyingy.yiji.R$attr: int actionModeBackground
io.github.yylyingy.yiji.R$attr: int actionModeCloseButtonStyle
io.github.yylyingy.yiji.R$attr: int actionModeCloseDrawable
io.github.yylyingy.yiji.R$attr: int actionModeCopyDrawable
io.github.yylyingy.yiji.R$attr: int actionModeCutDrawable
io.github.yylyingy.yiji.R$attr: int actionModeFindDrawable
io.github.yylyingy.yiji.R$attr: int actionModePasteDrawable
io.github.yylyingy.yiji.R$bool: int abc_action_bar_embed_tabs
io.github.yylyingy.yiji.R$bool: int abc_allow_stacked_button_bar
io.github.yylyingy.yiji.R$bool: int abc_config_actionMenuItemAllCaps
io.github.yylyingy.yiji.R$bool: int abc_config_closeDialogWhenTouchOutside
io.github.yylyingy.yiji.R$bool: int abc_config_showMenuShortcutsWhenKeyboardPresent
io.github.yylyingy.yiji.R$bool: int md_is_tablet
io.github.yylyingy.yiji.R$bool: int sb__is_phone
io.github.yylyingy.yiji.R$bool: int sb__is_swipeable
...
rx.internal.operators.CompletableOnSubscribeTimeout
rx.internal.operators.CompletableOnSubscribeTimeout: rx.Completable source
rx.internal.operators.CompletableOnSubscribeTimeout: long timeout
rx.internal.operators.CompletableOnSubscribeTimeout: java.util.concurrent.TimeUnit unit
rx.internal.operators.CompletableOnSubscribeTimeout: rx.Scheduler scheduler
rx.internal.operators.CompletableOnSubscribeTimeout: rx.Completable other
rx.internal.operators.CompletableOnSubscribeTimeout: CompletableOnSubscribeTimeout(rx.Completable,long,java.util.concurrent.TimeUnit,rx.Scheduler,rx.Completable)
rx.internal.operators.CompletableOnSubscribeTimeout: void call(rx.Completable$CompletableSubscriber)
rx.internal.operators.CompletableOnSubscribeTimeout: void call(java.lang.Object)
rx.internal.operators.EmptyObservableHolder
rx.internal.operators.EmptyObservableHolder: rx.internal.operators.EmptyObservableHolder INSTANCE
rx.internal.operators.EmptyObservableHolder: rx.Observable EMPTY
rx.internal.operators.EmptyObservableHolder: rx.internal.operators.EmptyObservableHolder[] $VALUES
rx.internal.operators.EmptyObservableHolder: rx.internal.operators.EmptyObservableHolder[] values()
rx.internal.operators.EmptyObservableHolder: rx.internal.operators.EmptyObservableHolder valueOf(java.lang.String)
rx.internal.operators.EmptyObservableHolder: EmptyObservableHolder(java.lang.String,int)
rx.internal.operators.EmptyObservableHolder: rx.Observable instance()
rx.internal.operators.EmptyObservableHolder: void call(rx.Subscriber)
rx.internal.operators.EmptyObservableHolder: void call(java.lang.Object)
rx.internal.operators.EmptyObservableHolder: void <clinit>()
rx.internal.operators.NeverObservableHolder
rx.internal.operators.NeverObservableHolder: rx.internal.operators.NeverObservableHolder INSTANCE
rx.internal.operators.NeverObservableHolder: rx.Observable NEVER
rx.internal.operators.NeverObservableHolder: rx.internal.operators.NeverObservableHolder[] $VALUES
rx.internal.operators.NeverObservableHolder: rx.internal.operators.NeverObservableHolder[] values()
rx.internal.operators.NeverObservableHolder: rx.internal.operators.NeverObservableHolder valueOf(java.lang.String)
rx.internal.operators.NeverObservableHolder: NeverObservableHolder(java.lang.String,int)
rx.internal.operators.NeverObservableHolder: rx.Observable instance()
rx.internal.operators.NeverObservableHolder: void call(rx.Subscriber)
rx.internal.operators.NeverObservableHolder: void call(java.lang.Object)
rx.internal.operators.NeverObservableHolder: void <clinit>()
rx.internal.operators.NotificationLite
rx.internal.operators.NotificationLite: rx.internal.operators.NotificationLite INSTANCE
rx.internal.operators.NotificationLite: java.lang.Object ON_COMPLETED_SENTINEL
rx.internal.operators.NotificationLite: java.lang.Object ON_NEXT_NULL_SENTINEL
rx.internal.operators.NotificationLite: NotificationLite()
rx.internal.operators.NotificationLite: rx.internal.operators.NotificationLite instance()
rx.internal.operators.NotificationLite: java.lang.Object next(java.lang.Object)
rx.internal.operators.NotificationLite: java.lang.Object completed()
rx.internal.operators.NotificationLite: java.lang.Object error(java.lang.Throwable)
rx.internal.operators.NotificationLite: boolean accept(rx.Observer,java.lang.Object)
rx.internal.operators.NotificationLite: boolean isCompleted(java.lang.Object)
rx.internal.operators.NotificationLite: boolean isError(java.lang.Object)
rx.internal.operators.NotificationLite: boolean isNull(java.lang.Object)
rx.internal.operators.NotificationLite: boolean isNext(java.lang.Object)
rx.internal.operators.NotificationLite: rx.Notification$Kind kind(java.lang.Object)
rx.internal.operators.NotificationLite: java.lang.Object getValue(java.lang.Object)
rx.internal.operators.NotificationLite: java.lang.Throwable getError(java.lang.Object)
rx.internal.operators.NotificationLite: void <clinit>()