app/build/outputs/mapping/debug/mapping.txt
io.github.yylyingy.yiji.BuildConfig -> io.github.yylyingy.yiji.a:
    boolean DEBUG -> a
    void <clinit>() -> <clinit>
io.github.yylyingy.yiji.R -> io.github.yylyingy.yiji.b:
io.github.yylyingy.yiji.R$styleable -> io.github.yylyingy.yiji.b$a:
    int[] AVLoadingIndicatorView -> AVLoadingIndicatorView
    int AVLoadingIndicatorView_indicator -> AVLoadingIndicatorView_indicator
    int AVLoadingIndicatorView_indicator_color -> AVLoadingIndicatorView_indicator_color
    int[] ActionBar -> ActionBar
    int ActionBar_background -> ActionBar_background
    int ActionBar_backgroundSplit -> ActionBar_backgroundSplit
    int ActionBar_backgroundStacked -> ActionBar_backgroundStacked
    int ActionBar_contentInsetEnd -> ActionBar_contentInsetEnd
    int ActionBar_contentInsetEndWithActions -> ActionBar_contentInsetEndWithActions
    int ActionBar_contentInsetLeft -> ActionBar_contentInsetLeft
    int ActionBar_contentInsetRight -> ActionBar_contentInsetRight
    int ActionBar_contentInsetStart -> ActionBar_contentInsetStart
    int ActionBar_contentInsetStartWithNavigation -> ActionBar_contentInsetStartWithNavigation
    int ActionBar_customNavigationLayout -> ActionBar_customNavigationLayout
    int ActionBar_displayOptions -> ActionBar_displayOptions
    int ActionBar_divider -> ActionBar_divider
    int ActionBar_elevation -> ActionBar_elevation
    int ActionBar_height -> ActionBar_height
    int ActionBar_hideOnContentScroll -> ActionBar_hideOnContentScroll
    int ActionBar_homeAsUpIndicator -> ActionBar_homeAsUpIndicator
    int ActionBar_homeLayout -> ActionBar_homeLayout
    int ActionBar_icon -> ActionBar_icon
io.github.yylyingy.yiji.YiJiApplication -> io.github.yylyingy.yiji.YiJiApplication:
    java.lang.String TAG -> a
    java.util.ArrayList mArrayList -> b
    java.lang.Object lock -> c
    io.github.yylyingy.yiji.YiJiApplication$getApp mGetApp -> d
    io.github.yylyingy.yiji.tools.Toaster sToaster -> e
    com.squareup.leakcanary.RefWatcher refWatcher -> f
    void <init>() -> <init>
    com.squareup.leakcanary.RefWatcher getRefWatcher(android.content.Context) -> a
    void onCreate() -> onCreate
    android.content.Context getAppContext() -> a
    void showToast(java.lang.String) -> a
    java.lang.String getAndroidId() -> b
    void lambda$onCreate$0() -> c
    void <clinit>() -> <clinit>
    void access$lambda$0(io.github.yylyingy.yiji.YiJiApplication) -> a
io.github.yylyingy.yiji.YiJiApplication$$Lambda$1 -> io.github.yylyingy.yiji.c:
    io.github.yylyingy.yiji.YiJiApplication arg$1 -> a
    void <init>(io.github.yylyingy.yiji.YiJiApplication) -> <init>
    void run() -> run
    java.lang.Runnable lambdaFactory$(io.github.yylyingy.yiji.YiJiApplication) -> a
io.github.yylyingy.yiji.YiJiApplication$1 -> io.github.yylyingy.yiji.YiJiApplication$1:
io.github.yylyingy.yiji.YiJiApplication$getApp -> io.github.yylyingy.yiji.YiJiApplication$a:
    io.github.yylyingy.yiji.YiJiApplication application -> a
    void <init>(io.github.yylyingy.yiji.YiJiApplication) -> <init>
    io.github.yylyingy.yiji.YiJiApplication access$000(io.github.yylyingy.yiji.YiJiApplication$getApp) -> a
    void <init>(io.github.yylyingy.yiji.YiJiApplication,io.github.yylyingy.yiji.YiJiApplication$1) -> <init>
io.github.yylyingy.yiji.activities.AddRecordActivity -> io.github.yylyingy.yiji.activities.AddRecordActivity:
    android.support.v7.widget.Toolbar mToolbar -> mToolbar
    io.github.yylyingy.yiji.addrecord.AddRecordFragment mRecordFragment -> n
    void <init>() -> <init>
    void onCreate(android.os.Bundle) -> onCreate
    boolean onOptionsItemSelected(android.view.MenuItem) -> onOptionsItemSelected
    void onTagItemPicked(int) -> c
    void onAnimationStart(int) -> d
...
android.support.v4.view.AccessibilityDelegateCompat$AccessibilityDelegateJellyBeanImpl -> android.support.v4.view.b$c:
    void <init>() -> <init>
    java.lang.Object newAccessiblityDelegateBridge(android.support.v4.view.AccessibilityDelegateCompat) -> a
    android.support.v4.view.accessibility.AccessibilityNodeProviderCompat getAccessibilityNodeProvider(java.lang.Object,android.view.View) -> a
    boolean performAccessibilityAction(java.lang.Object,android.view.View,int,android.os.Bundle) -> a
android.support.v4.view.AccessibilityDelegateCompat$AccessibilityDelegateJellyBeanImpl$1 -> android.support.v4.view.b$c$1:
    android.support.v4.view.AccessibilityDelegateCompat val$compat -> a
    android.support.v4.view.AccessibilityDelegateCompat$AccessibilityDelegateJellyBeanImpl this$0 -> b
    void <init>(android.support.v4.view.AccessibilityDelegateCompat$AccessibilityDelegateJellyBeanImpl,android.support.v4.view.AccessibilityDelegateCompat) -> <init>
    boolean dispatchPopulateAccessibilityEvent(android.view.View,android.view.accessibility.AccessibilityEvent) -> a
    void onInitializeAccessibilityEvent(android.view.View,android.view.accessibility.AccessibilityEvent) -> b
    void onInitializeAccessibilityNodeInfo(android.view.View,java.lang.Object) -> a
    void onPopulateAccessibilityEvent(android.view.View,android.view.accessibility.AccessibilityEvent) -> c
    boolean onRequestSendAccessibilityEvent(android.view.ViewGroup,android.view.View,android.view.accessibility.AccessibilityEvent) -> a
    void sendAccessibilityEvent(android.view.View,int) -> a
    void sendAccessibilityEventUnchecked(android.view.View,android.view.accessibility.AccessibilityEvent) -> d
    java.lang.Object getAccessibilityNodeProvider(android.view.View) -> a
    boolean performAccessibilityAction(android.view.View,int,android.os.Bundle) -> a
android.support.v4.view.AccessibilityDelegateCompat$AccessibilityDelegateStubImpl -> android.support.v4.view.b$d:
    void <init>() -> <init>
    java.lang.Object newAccessiblityDelegateDefaultImpl() -> a
    java.lang.Object newAccessiblityDelegateBridge(android.support.v4.view.AccessibilityDelegateCompat) -> a
    boolean dispatchPopulateAccessibilityEvent(java.lang.Object,android.view.View,android.view.accessibility.AccessibilityEvent) -> a
    void onInitializeAccessibilityEvent(java.lang.Object,android.view.View,android.view.accessibility.AccessibilityEvent) -> b
    void onInitializeAccessibilityNodeInfo(java.lang.Object,android.view.View,android.support.v4.view.accessibility.AccessibilityNodeInfoCompat) -> a
    void onPopulateAccessibilityEvent(java.lang.Object,android.view.View,android.view.accessibility.AccessibilityEvent) -> c
    boolean onRequestSendAccessibilityEvent(java.lang.Object,android.view.ViewGroup,android.view.View,android.view.accessibility.AccessibilityEvent) -> a
    void sendAccessibilityEvent(java.lang.Object,android.view.View,int) -> a
    void sendAccessibilityEventUnchecked(java.lang.Object,android.view.View,android.view.accessibility.AccessibilityEvent) -> d
    android.support.v4.view.accessibility.AccessibilityNodeProviderCompat getAccessibilityNodeProvider(java.lang.Object,android.view.View) -> a
    boolean performAccessibilityAction(java.lang.Object,android.view.View,int,android.os.Bundle) -> a