app/build/outputs/mapping/debug/usage.txt
io.github.yylyingy.yiji.BuildConfig:
    public static final java.lang.String APPLICATION_ID
    public static final java.lang.String BUILD_TYPE
    public static final java.lang.String FLAVOR
    public static final int VERSION_CODE
    public static final java.lang.String VERSION_NAME
    6:6:public BuildConfig()
io.github.yylyingy.yiji.R:
    10:10:public R()
io.github.yylyingy.yiji.R$anim
io.github.yylyingy.yiji.R$animator
io.github.yylyingy.yiji.R$attr
io.github.yylyingy.yiji.R$bool
io.github.yylyingy.yiji.R$color
io.github.yylyingy.yiji.R$dimen
io.github.yylyingy.yiji.R$drawable
io.github.yylyingy.yiji.R$id
io.github.yylyingy.yiji.R$integer
io.github.yylyingy.yiji.R$interpolator
io.github.yylyingy.yiji.R$layout
io.github.yylyingy.yiji.R$mipmap
io.github.yylyingy.yiji.R$string
io.github.yylyingy.yiji.R$style
io.github.yylyingy.yiji.R$styleable:
    9841:9841:public R$styleable()
io.github.yylyingy.yiji.YiJiApplication$$Lambda$1:
    private static java.lang.Runnable get$Lambda(io.github.yylyingy.yiji.YiJiApplication)
io.github.yylyingy.yiji.activities.AddRecordActivity_ViewBinding:
    19:20:public AddRecordActivity_ViewBinding(io.github.yylyingy.yiji.activities.AddRecordActivity)
io.github.yylyingy.yiji.activities.BigImageActivity:
    public static final java.lang.String IMAGE_URL
    public static final java.lang.String TRANSIT_PIC
io.github.yylyingy.yiji.activities.BigImageActivity$$Lambda$1:
    private static uk.co.senab.photoview.PhotoViewAttacher$OnViewTapListener get$Lambda(io.github.yylyingy.yiji.activities.BigImageActivity)
io.github.yylyingy.yiji.activities.MainActivity_Test:
    78:92:public static java.lang.String Encrypt(java.lang.String,java.lang.String)
    96:105:public static java.lang.String bytes2Hex(byte[])
io.github.yylyingy.yiji.activities.MainActivity_Test_ViewBinding:
    24:25:public MainActivity_Test_ViewBinding(io.github.yylyingy.yiji.activities.MainActivity_Test)
io.github.yylyingy.yiji.activities.MainActivity_ViewBinding:
    27:28:public MainActivity_ViewBinding(io.github.yylyingy.yiji.activities.MainActivity)
io.github.yylyingy.yiji.activities.SplashActivity:
    private static final int REQUEST_PERMISSION_CODE
    49:55:private void tryRequestPermission()
io.github.yylyingy.yiji.activities.WebActivity:
    public static final java.lang.String EXTRA_URL
    public static final java.lang.String EXTRA_TITLE
    public static final java.lang.String EXTRA_PIC_URL
    public static final java.lang.String EXTRA_SUMMARY
    private int maxY
    private int miniY
    private int lastX
    private int lastY
io.github.yylyingy.yiji.activities.WebActivity_ViewBinding:
    35:36:public WebActivity_ViewBinding(io.github.yylyingy.yiji.activities.WebActivity)
io.github.yylyingy.yiji.addrecord.AddRecordFragment:
    private static final java.lang.String ARG_PARAM1
    private static final java.lang.String ARG_PARAM2
    81:86:public static io.github.yylyingy.yiji.addrecord.AddRecordFragment newInstance(java.lang.String,java.lang.String)
io.github.yylyingy.yiji.base.BaseActivity:
    61:65:protected void addSubscription(rx.Subscription)
io.github.yylyingy.yiji.base.BaseIPresenter
io.github.yylyingy.yiji.base.BaseIView
io.github.yylyingy.yiji.base.BasePresenter
io.github.yylyingy.yiji.base.zhihubase.BaseCompatActivity:
    15:16:protected java.lang.String pass(java.lang.String)
    20:21:protected java.lang.String pass(java.lang.Integer)
io.github.yylyingy.yiji.base.zhihubase.BaseListFragment:
    public abstract void getData()
io.github.yylyingy.yiji.base.zhihubase.BaseSwipeBackCompatActivity:
    65:65:public top.wefor.now.ui.widget.swipeback.SwipeBackLayout getSwipeBackLayout()
    70:71:public void setSwipeBackEnable(boolean)
    75:77:public void scrollToFinishActivity()
io.github.yylyingy.yiji.main.account.AccountFragment:
    37:40:public static io.github.yylyingy.yiji.main.account.AccountFragment getInstance()
...
android.support.v4.view.animation.PathInterpolatorGingerbread:
    private static final float PRECISION
    61:62:public PathInterpolatorGingerbread(float,float)
    66:67:public PathInterpolatorGingerbread(float,float,float,float)
    104:107:private static android.graphics.Path createQuad(float,float)
    112:115:private static android.graphics.Path createCubic(float,float,float,float)
android.support.v4.widget.AutoScrollHelper:
    public static final float RELATIVE_UNSPECIFIED
    public static final float NO_MAX
    public static final float NO_MIN
    public static final int EDGE_TYPE_INSIDE
    public static final int EDGE_TYPE_INSIDE_EXTEND
    public static final int EDGE_TYPE_OUTSIDE
    private static final int HORIZONTAL
    private static final int VERTICAL
    private static final int DEFAULT_EDGE_TYPE
    private static final int DEFAULT_MINIMUM_VELOCITY_DIPS
    private static final int DEFAULT_MAXIMUM_VELOCITY_DIPS
    private static final float DEFAULT_MAXIMUM_EDGE
    private static final float DEFAULT_RELATIVE_EDGE
    private static final float DEFAULT_RELATIVE_VELOCITY
    private static final int DEFAULT_RAMP_UP_DURATION
    private static final int DEFAULT_RAMP_DOWN_DURATION
    247:247:public boolean isEnabled()
    263:264:public android.support.v4.widget.AutoScrollHelper setExclusive(boolean)
    276:276:public boolean isExclusive()
android.support.v4.widget.CircleImageView
android.support.v4.widget.CircleImageView$OvalShadow
android.support.v4.widget.CompoundButtonCompat:
    111:111:private CompoundButtonCompat()
    136:136:public static android.content.res.ColorStateList getButtonTintList(android.widget.CompoundButton)
    162:162:public static android.graphics.PorterDuff$Mode getButtonTintMode(android.widget.CompoundButton)
android.support.v4.widget.CompoundButtonCompat$BaseCompoundButtonCompat:
    63:63:public android.content.res.ColorStateList getButtonTintList(android.widget.CompoundButton)
    73:73:public android.graphics.PorterDuff$Mode getButtonTintMode(android.widget.CompoundButton)
android.support.v4.widget.CompoundButtonCompat$CompoundButtonCompatImpl:
    public abstract android.content.res.ColorStateList getButtonTintList(android.widget.CompoundButton)
    public abstract android.graphics.PorterDuff$Mode getButtonTintMode(android.widget.CompoundButton)
android.support.v4.widget.CompoundButtonCompat$LollipopCompoundButtonImpl:
    90:90:public android.content.res.ColorStateList getButtonTintList(android.widget.CompoundButton)
    100:100:public android.graphics.PorterDuff$Mode getButtonTintMode(android.widget.CompoundButton)
android.support.v4.widget.CompoundButtonCompatApi23:
    26:26:CompoundButtonCompatApi23()
android.support.v4.widget.CompoundButtonCompatGingerbread:
    private static final java.lang.String TAG
    31:31:CompoundButtonCompatGingerbread()
    45:48:static android.content.res.ColorStateList getButtonTintList(android.widget.CompoundButton)
    58:61:static android.graphics.PorterDuff$Mode getButtonTintMode(android.widget.CompoundButton)
android.support.v4.widget.CompoundButtonCompatLollipop:
    27:27:CompoundButtonCompatLollipop()
    34:34:static android.content.res.ColorStateList getButtonTintList(android.widget.CompoundButton)
    42:42:static android.graphics.PorterDuff$Mode getButtonTintMode(android.widget.CompoundButton)
android.support.v4.widget.ContentLoadingProgressBar
android.support.v4.widget.ContentLoadingProgressBar$1
android.support.v4.widget.ContentLoadingProgressBar$2